<?xml version="1.0" encoding="UTF-8"?>
<!-- Generated by org.testng.reporters.JUnitReportReporter -->
<testsuite skipped="0" hostname="LAPTOP-HVHLPCNR" name="com.alg.mvnproject.test1" tests="2" failures="0" timestamp="02 Nov 2017 15:43:33 GMT" time="7.496" errors="0">
  <testcase name="setUp" time="3.660" classname="com.alg.mvnproject.test1"/>
  <testcase name="test" time="3.836" classname="com.alg.mvnproject.test1"/>
</testsuite> <!-- com.alg.mvnproject.test1 -->
